TN:
SF:index.js
FN:56,(anonymous_0)
FNF:1
FNH:1
FNDA:1,(anonymous_0)
DA:1,1
DA:2,1
DA:3,1
DA:4,1
DA:5,1
DA:6,1
DA:7,1
DA:8,1
DA:9,1
DA:10,1
DA:11,1
DA:12,1
DA:13,1
DA:15,1
DA:39,1
DA:40,1
DA:47,1
DA:48,1
DA:49,1
DA:50,1
DA:51,1
DA:52,1
DA:53,1
DA:54,1
DA:55,1
DA:56,1
DA:57,1
DA:60,1
LF:28
LH:28
BRDA:55,0,0,1
BRDA:55,0,1,0
BRF:2
BRH:1
end_of_record
TN:
SF:src\configs\db.js
FN:9,(anonymous_0)
FN:10,(anonymous_1)
FNF:2
FNH:2
FNDA:1,(anonymous_0)
FNDA:1,(anonymous_1)
DA:1,1
DA:2,1
DA:6,1
DA:7,1
DA:8,1
DA:9,1
DA:10,1
DA:11,1
DA:15,1
LF:9
LH:9
BRF:0
BRH:0
end_of_record
TN:
SF:src\controllers\BlogController.js
FN:7,(anonymous_0)
FN:32,(anonymous_1)
FN:36,(anonymous_2)
FN:53,(anonymous_3)
FN:64,(anonymous_4)
FN:78,(anonymous_5)
FN:94,(anonymous_6)
FNF:7
FNH:6
FNDA:1,(anonymous_0)
FNDA:1,(anonymous_1)
FNDA:1,(anonymous_2)
FNDA:1,(anonymous_3)
FNDA:1,(anonymous_4)
FNDA:0,(anonymous_5)
FNDA:1,(anonymous_6)
DA:1,1
DA:2,1
DA:3,1
DA:5,1
DA:9,1
DA:12,1
DA:18,1
DA:19,1
DA:21,1
DA:22,1
DA:28,0
DA:33,1
DA:34,1
DA:35,1
DA:36,1
DA:37,1
DA:38,1
DA:45,0
DA:54,1
DA:55,1
DA:65,1
DA:66,0
DA:67,0
DA:68,0
DA:69,0
DA:78,0
DA:79,0
DA:80,0
DA:86,0
DA:95,1
DA:96,1
DA:97,1
DA:103,1
DA:112,1
LF:34
LH:24
BRDA:37,0,0,1
BRDA:37,0,1,0
BRDA:79,1,0,0
BRDA:79,1,1,0
BRF:4
BRH:1
end_of_record
TN:
SF:src\controllers\ContactController.js
FN:4,(anonymous_0)
FN:20,(anonymous_1)
FNF:2
FNH:1
FNDA:0,(anonymous_0)
FNDA:1,(anonymous_1)
DA:1,1
DA:5,0
DA:11,0
DA:12,0
DA:21,1
DA:22,1
DA:32,1
LF:7
LH:4
BRF:0
BRH:0
end_of_record
TN:
SF:src\controllers\authController.js
FN:8,(anonymous_0)
FN:48,(anonymous_1)
FN:109,(anonymous_2)
FN:145,(anonymous_3)
FNF:4
FNH:3
FNDA:4,(anonymous_0)
FNDA:5,(anonymous_1)
FNDA:1,(anonymous_2)
FNDA:0,(anonymous_3)
DA:1,1
DA:2,1
DA:3,1
DA:4,1
DA:6,1
DA:9,4
DA:10,4
DA:12,4
DA:13,4
DA:14,4
DA:16,4
DA:17,2
DA:24,2
DA:31,2
DA:39,0
DA:40,0
DA:49,5
DA:50,5
DA:51,5
DA:52,5
DA:53,5
DA:54,1
DA:60,4
DA:61,4
DA:62,4
DA:63,4
DA:66,4
DA:67,4
DA:68,3
DA:74,3
DA:75,3
DA:76,3
DA:78,3
DA:88,1
DA:94,0
DA:102,0
DA:110,1
DA:112,1
DA:114,1
DA:115,1
DA:118,1
DA:119,1
DA:121,1
DA:122,1
DA:124,1
DA:125,1
DA:130,1
DA:131,1
DA:138,1
DA:146,0
DA:147,0
DA:156,1
LF:52
LH:46
BRDA:16,0,0,2
BRDA:16,0,1,2
BRDA:53,1,0,1
BRDA:53,1,1,4
BRDA:66,2,0,4
BRDA:66,2,1,0
BRDA:67,3,0,3
BRDA:67,3,1,1
BRDA:114,4,0,1
BRDA:114,4,1,0
BRDA:118,5,0,1
BRDA:118,5,1,0
BRDA:121,6,0,1
BRDA:121,6,1,0
BRDA:124,7,0,1
BRDA:124,7,1,0
BRF:16
BRH:11
end_of_record
TN:
SF:src\helper\jwtTokenize.js
FN:8,(anonymous_0)
FN:13,(anonymous_1)
FNF:2
FNH:2
FNDA:3,(anonymous_0)
FNDA:3,(anonymous_1)
DA:1,1
DA:2,1
DA:6,1
DA:8,1
DA:9,3
DA:10,3
DA:13,1
DA:14,3
DA:15,3
DA:17,1
LF:10
LH:10
BRF:0
BRH:0
end_of_record
TN:
SF:src\middlewares\contactValidation.js
FN:3,(anonymous_0)
FNF:1
FNH:1
FNDA:1,(anonymous_0)
DA:1,1
DA:3,1
DA:4,1
DA:10,1
DA:11,1
DA:12,1
DA:17,0
DA:19,1
LF:8
LH:7
BRDA:11,0,0,1
BRDA:11,0,1,0
BRF:2
BRH:1
end_of_record
TN:
SF:src\middlewares\isAdmin.js
FN:4,(anonymous_0)
FNF:1
FNH:1
FNDA:5,(anonymous_0)
DA:1,1
DA:2,1
DA:4,1
DA:34,5
DA:35,5
DA:36,0
DA:38,5
DA:39,5
DA:40,5
DA:41,5
DA:42,5
DA:43,5
DA:44,0
DA:49,5
DA:50,5
DA:52,0
DA:58,0
DA:61,1
LF:18
LH:14
BRDA:35,0,0,0
BRDA:35,0,1,5
BRDA:43,1,0,0
BRDA:43,1,1,5
BRDA:49,2,0,5
BRDA:49,2,1,0
BRF:6
BRH:3
end_of_record
TN:
SF:src\middlewares\validation.js
FN:3,(anonymous_0)
FNF:1
FNH:1
FNDA:4,(anonymous_0)
DA:1,1
DA:3,1
DA:4,4
DA:11,4
DA:12,4
DA:13,0
DA:18,4
DA:20,1
LF:8
LH:7
BRDA:12,0,0,0
BRDA:12,0,1,4
BRF:2
BRH:1
end_of_record
TN:
SF:src\middlewares\verifyToken.js
FN:5,(anonymous_0)
FNF:1
FNH:1
FNDA:5,(anonymous_0)
DA:1,1
DA:2,1
DA:3,1
DA:5,1
DA:6,5
DA:8,5
DA:9,0
DA:11,5
DA:12,5
DA:13,5
DA:16,0
DA:18,5
DA:21,1
LF:13
LH:11
BRDA:8,0,0,0
BRDA:8,0,1,5
BRF:2
BRH:1
end_of_record
TN:
SF:src\models\Blogs.js
FNF:0
FNH:0
DA:1,1
DA:3,1
DA:22,1
LF:3
LH:3
BRF:0
BRH:0
end_of_record
TN:
SF:src\models\Contacts.js
FNF:0
FNH:0
DA:1,1
DA:3,1
DA:17,1
LF:3
LH:3
BRF:0
BRH:0
end_of_record
TN:
SF:src\models\users.js
FNF:0
FNH:0
DA:1,1
DA:3,1
DA:20,1
LF:3
LH:3
BRF:0
BRH:0
end_of_record
TN:
SF:src\routers\auth.routers.js
FNF:0
FNH:0
DA:114,1
DA:115,1
DA:116,1
DA:117,1
DA:118,1
DA:119,1
DA:120,1
DA:121,1
DA:122,1
DA:123,1
LF:10
LH:10
BRF:0
BRH:0
end_of_record
TN:
SF:src\routers\blog.routers.js
FNF:0
FNH:0
DA:211,1
DA:212,1
DA:213,1
DA:214,1
DA:215,1
DA:216,1
DA:217,1
DA:218,1
DA:219,1
DA:220,1
DA:221,1
LF:11
LH:11
BRF:0
BRH:0
end_of_record
TN:
SF:src\routers\contact.routers.js
FNF:0
FNH:0
DA:108,1
DA:109,1
DA:110,1
DA:111,1
DA:112,1
DA:113,1
DA:114,1
DA:115,1
LF:8
LH:8
BRF:0
BRH:0
end_of_record
TN:
SF:src\routers\index.js
FNF:0
FNH:0
DA:1,1
DA:2,1
DA:3,1
DA:4,1
DA:5,1
DA:6,1
DA:7,1
DA:8,1
LF:8
LH:8
BRF:0
BRH:0
end_of_record
TN:
SF:src\utils\cloudinary.js
FN:9,(anonymous_0)
FN:20,(anonymous_1)
FN:21,(anonymous_2)
FNF:3
FNH:3
FNDA:1,(anonymous_0)
FNDA:1,(anonymous_1)
FNDA:1,(anonymous_2)
DA:1,1
DA:2,1
DA:3,1
DA:9,1
DA:10,1
DA:11,1
DA:14,1
DA:16,0
DA:20,1
DA:21,1
DA:22,1
DA:25,1
LF:12
LH:11
BRF:0
BRH:0
end_of_record
TN:
SF:src\utils\multer.js
FNF:0
FNH:0
DA:1,1
DA:2,1
DA:15,1
DA:16,1
DA:18,1
LF:5
LH:5
BRF:0
BRH:0
end_of_record
